Copyright 1986-2020 Xilinx, Inc. All Rights Reserved.
------------------------------------------------------------------------------------
| Tool Version : Vivado v.2020.1 (win64) Build 2902540 Wed May 27 19:54:49 MDT 2020
| Date         : Wed Jun 21 18:12:16 2023
| Host         : DESKTOP-3LHDLGV running 64-bit major release  (build 9200)
| Command      : report_clock_utilization -file top_clock_utilization_routed.rpt
| Design       : top
| Device       : 7a100t-csg324
| Speed File   : -1  PRODUCTION 1.23 2018-06-13
| Design State : Routed
------------------------------------------------------------------------------------

Clock Utilization Report

Table of Contents
-----------------
1. Clock Primitive Utilization
2. Global Clock Resources
3. Global Clock Source Details
4. Clock Regions: Key Resource Utilization
5. Clock Regions : Global Clock Summary
6. Device Cell Placement Summary for Global Clock g0
7. Device Cell Placement Summary for Global Clock g1
8. Device Cell Placement Summary for Global Clock g2
9. Device Cell Placement Summary for Global Clock g3
10. Device Cell Placement Summary for Global Clock g4
11. Device Cell Placement Summary for Global Clock g5
12. Device Cell Placement Summary for Global Clock g6
13. Device Cell Placement Summary for Global Clock g7
14. Device Cell Placement Summary for Global Clock g8
15. Clock Region Cell Placement per Global Clock: Region X0Y1
16. Clock Region Cell Placement per Global Clock: Region X1Y1

1. Clock Primitive Utilization
------------------------------

+----------+------+-----------+-----+--------------+--------+
| Type     | Used | Available | LOC | Clock Region | Pblock |
+----------+------+-----------+-----+--------------+--------+
| BUFGCTRL |    9 |        32 |   0 |            0 |      0 |
| BUFH     |    0 |        96 |   0 |            0 |      0 |
| BUFIO    |    0 |        24 |   0 |            0 |      0 |
| BUFMR    |    0 |        12 |   0 |            0 |      0 |
| BUFR     |    0 |        24 |   0 |            0 |      0 |
| MMCM     |    0 |         6 |   0 |            0 |      0 |
| PLL      |    0 |         6 |   0 |            0 |      0 |
+----------+------+-----------+-----+--------------+--------+


2. Global Clock Resources
-------------------------

+-----------+-----------+-----------------+------------+----------------+--------------+-------------------+-------------+-----------------+--------------+-------------+-----------------------------------------+----------------------------------+
| Global Id | Source Id | Driver Type/Pin | Constraint | Site           | Clock Region | Load Clock Region | Clock Loads | Non-Clock Loads | Clock Period | Clock       | Driver Pin                              | Net                              |
+-----------+-----------+-----------------+------------+----------------+--------------+-------------------+-------------+-----------------+--------------+-------------+-----------------------------------------+----------------------------------+
| g0        | src0      | BUFG/O          | None       | BUFGCTRL_X0Y0  | n/a          |                 1 |        1056 |               0 |              |             | U1_SCPU/clk_IBUF_BUFG_inst/O            | U1_SCPU/clk_IBUF_BUFG            |
| g1        | src0      | BUFG/O          | None       | BUFGCTRL_X0Y2  | n/a          |                 1 |          32 |               0 |              |             | U7_SPIO/clk_IBUF_BUFG_inst/O            | U7_SPIO/clk_IBUF_BUFG            |
| g2        | src1      | BUFG/O          | None       | BUFGCTRL_X0Y1  | n/a          |                 2 |          83 |               2 |              |             | Clk_CPU_N_BUFG_inst/O                   | Clk_CPU_N_BUFG                   |
| g3        | src2      | BUFG/O          | None       | BUFGCTRL_X0Y16 | n/a          |                 1 |          48 |               0 |      100.000 | sys_clk_pin | U6_SSeg7/clk_IBUF_BUFG_inst/O           | U6_SSeg7/clk_IBUF_BUFG           |
| g4        | src3      | BUFG/O          | None       | BUFGCTRL_X0Y3  | n/a          |                 1 |          35 |               3 |              |             | clkdiv_BUFG[6]_inst/O                   | clkdiv_BUFG[6]                   |
| g5        | src4      | BUFG/O          | None       | BUFGCTRL_X0Y4  | n/a          |                 2 |          32 |               0 |              |             | U1_SCPU/n_0_1263_BUFG_inst/O            | U1_SCPU/n_0_1263_BUFG            |
| g6        | src5      | BUFG/O          | None       | BUFGCTRL_X0Y5  | n/a          |                 1 |          32 |               0 |              |             | U3_dm_controller/mem_w_IBUF_BUFG_inst/O | U3_dm_controller/mem_w_IBUF_BUFG |
| g7        | src6      | BUFG/O          | None       | BUFGCTRL_X0Y17 | n/a          |                 2 |          32 |               1 |      100.000 | sys_clk_pin | clk_IBUF_BUFG_inst/O                    | clk_IBUF_BUFG                    |
| g8        | src7      | BUFG/O          | None       | BUFGCTRL_X0Y6  | n/a          |                 1 |          12 |               0 |              |             | U6_SSeg7/flash_IBUF_BUFG_inst/O         | U6_SSeg7/flash_IBUF_BUFG         |
+-----------+-----------+-----------------+------------+----------------+--------------+-------------------+-------------+-----------------+--------------+-------------+-----------------------------------------+----------------------------------+
* Clock Loads column represents the clock pin loads (pin count)
** Non-Clock Loads column represents the non-clock pin loads (pin count)


3. Global Clock Source Details
------------------------------

+-----------+-----------+-----------------+------------+----------------+--------------+-------------+-----------------+---------------------+--------------+--------------------------------------+--------------------------------+
| Source Id | Global Id | Driver Type/Pin | Constraint | Site           | Clock Region | Clock Loads | Non-Clock Loads | Source Clock Period | Source Clock | Driver Pin                           | Net                            |
+-----------+-----------+-----------------+------------+----------------+--------------+-------------+-----------------+---------------------+--------------+--------------------------------------+--------------------------------+
| src0      | g0, g1    | BUFG/O          | None       | BUFGCTRL_X0Y1  | n/a          |          85 |               0 |                     |              | Clk_CPU_N_BUFG_inst/O                | Clk_CPU_N_BUFG                 |
| src1      | g2        | LUT3/O          | None       | SLICE_X51Y95   | X0Y1         |           1 |               0 |                     |              | U8_clk_div/Clk_CPU_N_BUFG_inst_i_1/O | U8_clk_div/Clk_CPU_N           |
| src2      | g3        | BUFG/O          | None       | BUFGCTRL_X0Y17 | n/a          |          33 |               1 |             100.000 | sys_clk_pin  | clk_IBUF_BUFG_inst/O                 | clk_IBUF_BUFG                  |
| src3      | g4        | FDCE/Q          | None       | SLICE_X50Y83   | X0Y1         |           1 |               0 |                     |              | U8_clk_div/clkdiv_reg[6]/Q           | U8_clk_div/out[6]              |
| src4      | g5        | LUT6/O          | None       | SLICE_X52Y95   | X1Y1         |           1 |               0 |                     |              | U1_SCPU/n_0_1263_BUFG_inst_i_1/O     | U1_SCPU/n_0_1263_BUFG_inst_n_1 |
| src5      | g6        | LUT2/O          | None       | SLICE_X52Y95   | X1Y1         |           1 |              12 |                     |              | U1_SCPU/U_alu/mem_w_OBUF_inst_i_1/O  | U1_SCPU/U_alu/mem_w_OBUF       |
| src6      | g7        | IBUF/O          | IOB_X1Y126 | IOB_X1Y126     | X1Y2         |           3 |               0 |             100.000 | sys_clk_pin  | clk_IBUF_inst/O                      | clk_IBUF                       |
| src7      | g8        | FDCE/Q          | None       | SLICE_X50Y84   | X0Y1         |           1 |               3 |                     |              | U8_clk_div/clkdiv_reg[10]/Q          | U8_clk_div/out[10]             |
+-----------+-----------+-----------------+------------+----------------+--------------+-------------+-----------------+---------------------+--------------+--------------------------------------+--------------------------------+
* Clock Loads column represents the clock pin loads (pin count)
** Non-Clock Loads column represents the non-clock pin loads (pin count)


4. Clock Regions: Key Resource Utilization
------------------------------------------

+-------------------+--------------+--------------+--------------+--------------+--------------+--------------+--------------+--------------+--------------+--------------+--------------+--------------+--------------+--------------+--------------+
|                   | Global Clock |     BUFRs    |    BUFMRs    |    BUFIOs    |     MMCM     |      PLL     |      GT      |      PCI     |    ILOGIC    |    OLOGIC    |      FF      |     LUTM     |    RAMB18    |    RAMB36    |    DSP48E2   |
+-------------------+------+-------+------+-------+------+-------+------+-------+------+-------+------+-------+------+-------+------+-------+------+-------+------+-------+------+-------+------+-------+------+-------+------+-------+------+-------+
| Clock Region Name | Used | Avail | Used | Avail | Used | Avail | Used | Avail | Used | Avail | Used | Avail | Used | Avail | Used | Avail | Used | Avail | Used | Avail | Used | Avail | Used | Avail | Used | Avail | Used | Avail | Used | Avail |
+-------------------+------+-------+------+-------+------+-------+------+-------+------+-------+------+-------+------+-------+------+-------+------+-------+------+-------+------+-------+------+-------+------+-------+------+-------+------+-------+
| X0Y0              |    0 |    12 |    0 |     4 |    0 |     2 |    0 |     4 |    0 |     1 |    0 |     1 |    0 |     0 |    0 |     0 |    0 |    50 |    0 |    50 |    0 |  2600 |    0 |   600 |    0 |    20 |    0 |    10 |    0 |    20 |
| X1Y0              |    0 |    12 |    0 |     0 |    0 |     0 |    0 |     0 |    0 |     0 |    0 |     0 |    0 |     4 |    0 |     0 |    0 |     0 |    0 |     0 |    0 |  1500 |    0 |   550 |    0 |    40 |    0 |    20 |    0 |    40 |
| X0Y1              |    8 |    12 |    0 |     4 |    0 |     2 |    0 |     4 |    0 |     1 |    0 |     1 |    0 |     0 |    0 |     0 |    0 |    50 |    0 |    50 | 1298 |  2000 |  328 |   600 |    0 |    20 |    0 |    10 |    0 |    20 |
| X1Y1              |    2 |    12 |    0 |     4 |    0 |     2 |    0 |     4 |    0 |     1 |    0 |     1 |    0 |     0 |    0 |     0 |    0 |    50 |    0 |    50 |    0 |  1900 |   16 |   650 |    0 |    60 |    0 |    30 |    0 |    40 |
| X0Y2              |    0 |    12 |    0 |     4 |    0 |     2 |    0 |     4 |    0 |     1 |    0 |     1 |    0 |     0 |    0 |     0 |    0 |    50 |    0 |    50 |    0 |  2000 |    0 |   600 |    0 |    20 |    0 |    10 |    0 |    20 |
| X1Y2              |    0 |    12 |    0 |     4 |    0 |     2 |    0 |     4 |    0 |     1 |    0 |     1 |    0 |     0 |    0 |     0 |    0 |    50 |    0 |    50 |    0 |  1900 |    0 |   650 |    0 |    60 |    0 |    30 |    0 |    40 |
| X0Y3              |    0 |    12 |    0 |     4 |    0 |     2 |    0 |     4 |    0 |     1 |    0 |     1 |    0 |     0 |    0 |     0 |    0 |    50 |    0 |    50 |    0 |  2600 |    0 |   600 |    0 |    20 |    0 |    10 |    0 |    20 |
| X1Y3              |    0 |    12 |    0 |     0 |    0 |     0 |    0 |     0 |    0 |     0 |    0 |     0 |    0 |     4 |    0 |     1 |    0 |     0 |    0 |     0 |    0 |  1350 |    0 |   500 |    0 |    30 |    0 |    15 |    0 |    40 |
+-------------------+------+-------+------+-------+------+-------+------+-------+------+-------+------+-------+------+-------+------+-------+------+-------+------+-------+------+-------+------+-------+------+-------+------+-------+------+-------+
* Global Clock column represents track count; while other columns represents cell counts


5. Clock Regions : Global Clock Summary
---------------------------------------

All Modules
+----+----+----+
|    | X0 | X1 |
+----+----+----+
| Y3 |  0 |  0 |
| Y2 |  0 |  0 |
| Y1 |  8 |  2 |
| Y0 |  0 |  0 |
+----+----+----+


6. Device Cell Placement Summary for Global Clock g0
----------------------------------------------------

+-----------+-----------------+-------------------+-------+-------------+---------------+-------------+----------+----------------+----------+-----------------------+
| Global Id | Driver Type/Pin | Driver Region (D) | Clock | Period (ns) | Waveform (ns) | Slice Loads | IO Loads | Clocking Loads | GT Loads | Net                   |
+-----------+-----------------+-------------------+-------+-------------+---------------+-------------+----------+----------------+----------+-----------------------+
| g0        | BUFG/O          | n/a               |       |             |               |        1056 |        0 |              0 |        0 | U1_SCPU/clk_IBUF_BUFG |
+-----------+-----------------+-------------------+-------+-------------+---------------+-------------+----------+----------------+----------+-----------------------+
* Slice Loads column represents load cell count of all cell types other than IO, GT and clock resources
** IO Loads column represents load cell count of IO types
*** Clocking Loads column represents load cell count that are clock resources (global clock buffer, MMCM, PLL, etc)
**** GT Loads column represents load cell count of GT types


+----+-------+----+
|    | X0    | X1 |
+----+-------+----+
| Y3 |     0 |  0 |
| Y2 |     0 |  0 |
| Y1 |  1056 |  0 |
| Y0 |     0 |  0 |
+----+-------+----+


7. Device Cell Placement Summary for Global Clock g1
----------------------------------------------------

+-----------+-----------------+-------------------+-------+-------------+---------------+-------------+----------+----------------+----------+-----------------------+
| Global Id | Driver Type/Pin | Driver Region (D) | Clock | Period (ns) | Waveform (ns) | Slice Loads | IO Loads | Clocking Loads | GT Loads | Net                   |
+-----------+-----------------+-------------------+-------+-------------+---------------+-------------+----------+----------------+----------+-----------------------+
| g1        | BUFG/O          | n/a               |       |             |               |          32 |        0 |              0 |        0 | U7_SPIO/clk_IBUF_BUFG |
+-----------+-----------------+-------------------+-------+-------------+---------------+-------------+----------+----------------+----------+-----------------------+
* Slice Loads column represents load cell count of all cell types other than IO, GT and clock resources
** IO Loads column represents load cell count of IO types
*** Clocking Loads column represents load cell count that are clock resources (global clock buffer, MMCM, PLL, etc)
**** GT Loads column represents load cell count of GT types


+----+-----+----+
|    | X0  | X1 |
+----+-----+----+
| Y3 |   0 |  0 |
| Y2 |   0 |  0 |
| Y1 |  32 |  0 |
| Y0 |   0 |  0 |
+----+-----+----+


8. Device Cell Placement Summary for Global Clock g2
----------------------------------------------------

+-----------+-----------------+-------------------+-------+-------------+---------------+-------------+----------+----------------+----------+----------------+
| Global Id | Driver Type/Pin | Driver Region (D) | Clock | Period (ns) | Waveform (ns) | Slice Loads | IO Loads | Clocking Loads | GT Loads | Net            |
+-----------+-----------------+-------------------+-------+-------------+---------------+-------------+----------+----------------+----------+----------------+
| g2        | BUFG/O          | n/a               |       |             |               |          83 |        0 |              2 |        0 | Clk_CPU_N_BUFG |
+-----------+-----------------+-------------------+-------+-------------+---------------+-------------+----------+----------------+----------+----------------+
* Slice Loads column represents load cell count of all cell types other than IO, GT and clock resources
** IO Loads column represents load cell count of IO types
*** Clocking Loads column represents load cell count that are clock resources (global clock buffer, MMCM, PLL, etc)
**** GT Loads column represents load cell count of GT types


+----+-----+----+
|    | X0  | X1 |
+----+-----+----+
| Y3 |   0 |  0 |
| Y2 |   0 |  0 |
| Y1 |  83 |  0 |
| Y0 |   0 |  0 |
+----+-----+----+


9. Device Cell Placement Summary for Global Clock g3
----------------------------------------------------

+-----------+-----------------+-------------------+-------------+-------------+----------------+-------------+----------+----------------+----------+------------------------+
| Global Id | Driver Type/Pin | Driver Region (D) | Clock       | Period (ns) | Waveform (ns)  | Slice Loads | IO Loads | Clocking Loads | GT Loads | Net                    |
+-----------+-----------------+-------------------+-------------+-------------+----------------+-------------+----------+----------------+----------+------------------------+
| g3        | BUFG/O          | n/a               | sys_clk_pin |     100.000 | {0.000 50.000} |          48 |        0 |              0 |        0 | U6_SSeg7/clk_IBUF_BUFG |
+-----------+-----------------+-------------------+-------------+-------------+----------------+-------------+----------+----------------+----------+------------------------+
* Slice Loads column represents load cell count of all cell types other than IO, GT and clock resources
** IO Loads column represents load cell count of IO types
*** Clocking Loads column represents load cell count that are clock resources (global clock buffer, MMCM, PLL, etc)
**** GT Loads column represents load cell count of GT types


+----+-----+----+
|    | X0  | X1 |
+----+-----+----+
| Y3 |   0 |  0 |
| Y2 |   0 |  0 |
| Y1 |  48 |  0 |
| Y0 |   0 |  0 |
+----+-----+----+


10. Device Cell Placement Summary for Global Clock g4
-----------------------------------------------------

+-----------+-----------------+-------------------+-------+-------------+---------------+-------------+----------+----------------+----------+----------------+
| Global Id | Driver Type/Pin | Driver Region (D) | Clock | Period (ns) | Waveform (ns) | Slice Loads | IO Loads | Clocking Loads | GT Loads | Net            |
+-----------+-----------------+-------------------+-------+-------------+---------------+-------------+----------+----------------+----------+----------------+
| g4        | BUFG/O          | n/a               |       |             |               |          38 |        0 |              0 |        0 | clkdiv_BUFG[6] |
+-----------+-----------------+-------------------+-------+-------------+---------------+-------------+----------+----------------+----------+----------------+
* Slice Loads column represents load cell count of all cell types other than IO, GT and clock resources
** IO Loads column represents load cell count of IO types
*** Clocking Loads column represents load cell count that are clock resources (global clock buffer, MMCM, PLL, etc)
**** GT Loads column represents load cell count of GT types


+----+-----+----+
|    | X0  | X1 |
+----+-----+----+
| Y3 |   0 |  0 |
| Y2 |   0 |  0 |
| Y1 |  38 |  0 |
| Y0 |   0 |  0 |
+----+-----+----+


11. Device Cell Placement Summary for Global Clock g5
-----------------------------------------------------

+-----------+-----------------+-------------------+-------+-------------+---------------+-------------+----------+----------------+----------+-----------------------+
| Global Id | Driver Type/Pin | Driver Region (D) | Clock | Period (ns) | Waveform (ns) | Slice Loads | IO Loads | Clocking Loads | GT Loads | Net                   |
+-----------+-----------------+-------------------+-------+-------------+---------------+-------------+----------+----------------+----------+-----------------------+
| g5        | BUFG/O          | n/a               |       |             |               |          32 |        0 |              0 |        0 | U1_SCPU/n_0_1263_BUFG |
+-----------+-----------------+-------------------+-------+-------------+---------------+-------------+----------+----------------+----------+-----------------------+
* Slice Loads column represents load cell count of all cell types other than IO, GT and clock resources
** IO Loads column represents load cell count of IO types
*** Clocking Loads column represents load cell count that are clock resources (global clock buffer, MMCM, PLL, etc)
**** GT Loads column represents load cell count of GT types


+----+-----+----+
|    | X0  | X1 |
+----+-----+----+
| Y3 |   0 |  0 |
| Y2 |   0 |  0 |
| Y1 |  27 |  5 |
| Y0 |   0 |  0 |
+----+-----+----+


12. Device Cell Placement Summary for Global Clock g6
-----------------------------------------------------

+-----------+-----------------+-------------------+-------+-------------+---------------+-------------+----------+----------------+----------+----------------------------------+
| Global Id | Driver Type/Pin | Driver Region (D) | Clock | Period (ns) | Waveform (ns) | Slice Loads | IO Loads | Clocking Loads | GT Loads | Net                              |
+-----------+-----------------+-------------------+-------+-------------+---------------+-------------+----------+----------------+----------+----------------------------------+
| g6        | BUFG/O          | n/a               |       |             |               |          32 |        0 |              0 |        0 | U3_dm_controller/mem_w_IBUF_BUFG |
+-----------+-----------------+-------------------+-------+-------------+---------------+-------------+----------+----------------+----------+----------------------------------+
* Slice Loads column represents load cell count of all cell types other than IO, GT and clock resources
** IO Loads column represents load cell count of IO types
*** Clocking Loads column represents load cell count that are clock resources (global clock buffer, MMCM, PLL, etc)
**** GT Loads column represents load cell count of GT types


+----+----+-----+
|    | X0 | X1  |
+----+----+-----+
| Y3 |  0 |   0 |
| Y2 |  0 |   0 |
| Y1 |  0 |  32 |
| Y0 |  0 |   0 |
+----+----+-----+


13. Device Cell Placement Summary for Global Clock g7
-----------------------------------------------------

+-----------+-----------------+-------------------+-------------+-------------+----------------+-------------+----------+----------------+----------+---------------+
| Global Id | Driver Type/Pin | Driver Region (D) | Clock       | Period (ns) | Waveform (ns)  | Slice Loads | IO Loads | Clocking Loads | GT Loads | Net           |
+-----------+-----------------+-------------------+-------------+-------------+----------------+-------------+----------+----------------+----------+---------------+
| g7        | BUFG/O          | n/a               | sys_clk_pin |     100.000 | {0.000 50.000} |          32 |        0 |              1 |        0 | clk_IBUF_BUFG |
+-----------+-----------------+-------------------+-------------+-------------+----------------+-------------+----------+----------------+----------+---------------+
* Slice Loads column represents load cell count of all cell types other than IO, GT and clock resources
** IO Loads column represents load cell count of IO types
*** Clocking Loads column represents load cell count that are clock resources (global clock buffer, MMCM, PLL, etc)
**** GT Loads column represents load cell count of GT types


+----+-----+----+
|    | X0  | X1 |
+----+-----+----+
| Y3 |   0 |  0 |
| Y2 |   0 |  0 |
| Y1 |  32 |  0 |
| Y0 |   0 |  0 |
+----+-----+----+


14. Device Cell Placement Summary for Global Clock g8
-----------------------------------------------------

+-----------+-----------------+-------------------+-------+-------------+---------------+-------------+----------+----------------+----------+--------------------------+
| Global Id | Driver Type/Pin | Driver Region (D) | Clock | Period (ns) | Waveform (ns) | Slice Loads | IO Loads | Clocking Loads | GT Loads | Net                      |
+-----------+-----------------+-------------------+-------+-------------+---------------+-------------+----------+----------------+----------+--------------------------+
| g8        | BUFG/O          | n/a               |       |             |               |          12 |        0 |              0 |        0 | U6_SSeg7/flash_IBUF_BUFG |
+-----------+-----------------+-------------------+-------+-------------+---------------+-------------+----------+----------------+----------+--------------------------+
* Slice Loads column represents load cell count of all cell types other than IO, GT and clock resources
** IO Loads column represents load cell count of IO types
*** Clocking Loads column represents load cell count that are clock resources (global clock buffer, MMCM, PLL, etc)
**** GT Loads column represents load cell count of GT types


+----+-----+----+
|    | X0  | X1 |
+----+-----+----+
| Y3 |   0 |  0 |
| Y2 |   0 |  0 |
| Y1 |  12 |  0 |
| Y0 |   0 |  0 |
+----+-----+----+


15. Clock Region Cell Placement per Global Clock: Region X0Y1
-------------------------------------------------------------

+-----------+-------+-----------------+------------+-------------+-----------------+------+--------+------+-----+----+------+-----+---------+--------------------------+
| Global Id | Track | Driver Type/Pin | Constraint | Clock Loads | Non-Clock Loads | FF   | LUTRAM | RAMB | DSP | GT | MMCM | PLL | Hard IP | Net                      |
+-----------+-------+-----------------+------------+-------------+-----------------+------+--------+------+-----+----+------+-----+---------+--------------------------+
| g0        | n/a   | BUFG/O          | None       |        1056 |               0 | 1056 |      0 |    0 |   0 |  0 |    0 |   0 |       0 | U1_SCPU/clk_IBUF_BUFG    |
| g2        | n/a   | BUFG/O          | None       |          83 |               0 |   83 |      0 |    0 |   0 |  0 |    0 |   0 |       0 | Clk_CPU_N_BUFG           |
| g3        | n/a   | BUFG/O          | None       |          48 |               0 |   48 |      0 |    0 |   0 |  0 |    0 |   0 |       0 | U6_SSeg7/clk_IBUF_BUFG   |
| g4        | n/a   | BUFG/O          | None       |          35 |               3 |   35 |      0 |    0 |   0 |  0 |    0 |   0 |       0 | clkdiv_BUFG[6]           |
| g5        | n/a   | BUFG/O          | None       |          27 |               0 |    0 |      0 |    0 |   0 |  0 |    0 |   0 |       0 | U1_SCPU/n_0_1263_BUFG    |
| g1        | n/a   | BUFG/O          | None       |          32 |               0 |   32 |      0 |    0 |   0 |  0 |    0 |   0 |       0 | U7_SPIO/clk_IBUF_BUFG    |
| g7        | n/a   | BUFG/O          | None       |          32 |               0 |   32 |      0 |    0 |   0 |  0 |    0 |   0 |       0 | clk_IBUF_BUFG            |
| g8        | n/a   | BUFG/O          | None       |          12 |               0 |   12 |      0 |    0 |   0 |  0 |    0 |   0 |       0 | U6_SSeg7/flash_IBUF_BUFG |
+-----------+-------+-----------------+------------+-------------+-----------------+------+--------+------+-----+----+------+-----+---------+--------------------------+
* Clock Loads column represents the clock pin loads (pin count)
** Non-Clock Loads column represents the non-clock pin loads (pin count)
*** Columns FF, LUTRAM, RAMB through 'Hard IP' represents load cell counts


16. Clock Region Cell Placement per Global Clock: Region X1Y1
-------------------------------------------------------------

+-----------+-------+-----------------+------------+-------------+-----------------+----+--------+------+-----+----+------+-----+---------+----------------------------------+
| Global Id | Track | Driver Type/Pin | Constraint | Clock Loads | Non-Clock Loads | FF | LUTRAM | RAMB | DSP | GT | MMCM | PLL | Hard IP | Net                              |
+-----------+-------+-----------------+------------+-------------+-----------------+----+--------+------+-----+----+------+-----+---------+----------------------------------+
| g5        | n/a   | BUFG/O          | None       |           5 |               0 |  0 |      0 |    0 |   0 |  0 |    0 |   0 |       0 | U1_SCPU/n_0_1263_BUFG            |
| g6        | n/a   | BUFG/O          | None       |          32 |               0 |  0 |      0 |    0 |   0 |  0 |    0 |   0 |       0 | U3_dm_controller/mem_w_IBUF_BUFG |
+-----------+-------+-----------------+------------+-------------+-----------------+----+--------+------+-----+----+------+-----+---------+----------------------------------+
* Clock Loads column represents the clock pin loads (pin count)
** Non-Clock Loads column represents the non-clock pin loads (pin count)
*** Columns FF, LUTRAM, RAMB through 'Hard IP' represents load cell counts



# Location of BUFG Primitives 
set_property LOC BUFGCTRL_X0Y3 [get_cells clkdiv_BUFG[6]_inst]
set_property LOC BUFGCTRL_X0Y17 [get_cells clk_IBUF_BUFG_inst]
set_property LOC BUFGCTRL_X0Y2 [get_cells U7_SPIO/clk_IBUF_BUFG_inst]
set_property LOC BUFGCTRL_X0Y6 [get_cells U6_SSeg7/flash_IBUF_BUFG_inst]
set_property LOC BUFGCTRL_X0Y16 [get_cells U6_SSeg7/clk_IBUF_BUFG_inst]
set_property LOC BUFGCTRL_X0Y5 [get_cells U3_dm_controller/mem_w_IBUF_BUFG_inst]
set_property LOC BUFGCTRL_X0Y4 [get_cells U1_SCPU/n_0_1263_BUFG_inst]
set_property LOC BUFGCTRL_X0Y0 [get_cells U1_SCPU/clk_IBUF_BUFG_inst]
set_property LOC BUFGCTRL_X0Y1 [get_cells Clk_CPU_N_BUFG_inst]

# Location of IO Primitives which is load of clock spine

# Location of clock ports
set_property LOC IOB_X1Y126 [get_ports clk]

# Clock net "clkdiv_BUFG[6]" driven by instance "clkdiv_BUFG[6]_inst" located at site "BUFGCTRL_X0Y3"
#startgroup
create_pblock {CLKAG_clkdiv_BUFG[6]}
add_cells_to_pblock [get_pblocks  {CLKAG_clkdiv_BUFG[6]}] [get_cells -filter { PRIMITIVE_GROUP != I/O && IS_PRIMITIVE==1 && PRIMITIVE_LEVEL !=INTERNAL } -of_object [get_pins -filter {DIRECTION==IN} -of_objects [get_nets -hierarchical -filter {PARENT=="clkdiv_BUFG[6]"}]]]
resize_pblock [get_pblocks {CLKAG_clkdiv_BUFG[6]}] -add {CLOCKREGION_X0Y1:CLOCKREGION_X0Y1}
#endgroup

# Clock net "clk_IBUF_BUFG" driven by instance "clk_IBUF_BUFG_inst" located at site "BUFGCTRL_X0Y17"
#startgroup
create_pblock {CLKAG_clk_IBUF_BUFG}
add_cells_to_pblock [get_pblocks  {CLKAG_clk_IBUF_BUFG}] [get_cells -filter { PRIMITIVE_GROUP != I/O && IS_PRIMITIVE==1 && PRIMITIVE_LEVEL !=INTERNAL && NAME!=U6_SSeg7/clk_IBUF_BUFG_inst} -of_object [get_pins -filter {DIRECTION==IN} -of_objects [get_nets -hierarchical -filter {PARENT=="clk_IBUF_BUFG"}]]]
resize_pblock [get_pblocks {CLKAG_clk_IBUF_BUFG}] -add {CLOCKREGION_X0Y1:CLOCKREGION_X0Y1}
#endgroup

# Clock net "U7_SPIO/clk_IBUF_BUFG" driven by instance "U7_SPIO/clk_IBUF_BUFG_inst" located at site "BUFGCTRL_X0Y2"
#startgroup
create_pblock {CLKAG_U7_SPIO/clk_IBUF_BUFG}
add_cells_to_pblock [get_pblocks  {CLKAG_U7_SPIO/clk_IBUF_BUFG}] [get_cells -filter { PRIMITIVE_GROUP != I/O && IS_PRIMITIVE==1 && PRIMITIVE_LEVEL !=INTERNAL } -of_object [get_pins -filter {DIRECTION==IN} -of_objects [get_nets -hierarchical -filter {PARENT=="U7_SPIO/clk_IBUF_BUFG"}]]]
resize_pblock [get_pblocks {CLKAG_U7_SPIO/clk_IBUF_BUFG}] -add {CLOCKREGION_X0Y1:CLOCKREGION_X0Y1}
#endgroup

# Clock net "U6_SSeg7/flash_IBUF_BUFG" driven by instance "U6_SSeg7/flash_IBUF_BUFG_inst" located at site "BUFGCTRL_X0Y6"
#startgroup
create_pblock {CLKAG_U6_SSeg7/flash_IBUF_BUFG}
add_cells_to_pblock [get_pblocks  {CLKAG_U6_SSeg7/flash_IBUF_BUFG}] [get_cells -filter { PRIMITIVE_GROUP != I/O && IS_PRIMITIVE==1 && PRIMITIVE_LEVEL !=INTERNAL } -of_object [get_pins -filter {DIRECTION==IN} -of_objects [get_nets -hierarchical -filter {PARENT=="U6_SSeg7/flash_IBUF_BUFG"}]]]
resize_pblock [get_pblocks {CLKAG_U6_SSeg7/flash_IBUF_BUFG}] -add {CLOCKREGION_X0Y1:CLOCKREGION_X0Y1}
#endgroup

# Clock net "U6_SSeg7/clk_IBUF_BUFG" driven by instance "U6_SSeg7/clk_IBUF_BUFG_inst" located at site "BUFGCTRL_X0Y16"
#startgroup
create_pblock {CLKAG_U6_SSeg7/clk_IBUF_BUFG}
add_cells_to_pblock [get_pblocks  {CLKAG_U6_SSeg7/clk_IBUF_BUFG}] [get_cells -filter { PRIMITIVE_GROUP != I/O && IS_PRIMITIVE==1 && PRIMITIVE_LEVEL !=INTERNAL } -of_object [get_pins -filter {DIRECTION==IN} -of_objects [get_nets -hierarchical -filter {PARENT=="U6_SSeg7/clk_IBUF_BUFG"}]]]
resize_pblock [get_pblocks {CLKAG_U6_SSeg7/clk_IBUF_BUFG}] -add {CLOCKREGION_X0Y1:CLOCKREGION_X0Y1}
#endgroup

# Clock net "U3_dm_controller/mem_w_IBUF_BUFG" driven by instance "U3_dm_controller/mem_w_IBUF_BUFG_inst" located at site "BUFGCTRL_X0Y5"
#startgroup
create_pblock {CLKAG_U3_dm_controller/mem_w_IBUF_BUFG}
add_cells_to_pblock [get_pblocks  {CLKAG_U3_dm_controller/mem_w_IBUF_BUFG}] [get_cells -filter { PRIMITIVE_GROUP != I/O && IS_PRIMITIVE==1 && PRIMITIVE_LEVEL !=INTERNAL } -of_object [get_pins -filter {DIRECTION==IN} -of_objects [get_nets -hierarchical -filter {PARENT=="U3_dm_controller/mem_w_IBUF_BUFG"}]]]
resize_pblock [get_pblocks {CLKAG_U3_dm_controller/mem_w_IBUF_BUFG}] -add {CLOCKREGION_X1Y1:CLOCKREGION_X1Y1}
#endgroup

# Clock net "U1_SCPU/n_0_1263_BUFG" driven by instance "U1_SCPU/n_0_1263_BUFG_inst" located at site "BUFGCTRL_X0Y4"
#startgroup
create_pblock {CLKAG_U1_SCPU/n_0_1263_BUFG}
add_cells_to_pblock [get_pblocks  {CLKAG_U1_SCPU/n_0_1263_BUFG}] [get_cells -filter { PRIMITIVE_GROUP != I/O && IS_PRIMITIVE==1 && PRIMITIVE_LEVEL !=INTERNAL } -of_object [get_pins -filter {DIRECTION==IN} -of_objects [get_nets -hierarchical -filter {PARENT=="U1_SCPU/n_0_1263_BUFG"}]]]
resize_pblock [get_pblocks {CLKAG_U1_SCPU/n_0_1263_BUFG}] -add {CLOCKREGION_X0Y1:CLOCKREGION_X0Y1 CLOCKREGION_X1Y1:CLOCKREGION_X1Y1}
#endgroup

# Clock net "U1_SCPU/clk_IBUF_BUFG" driven by instance "U1_SCPU/clk_IBUF_BUFG_inst" located at site "BUFGCTRL_X0Y0"
#startgroup
create_pblock {CLKAG_U1_SCPU/clk_IBUF_BUFG}
add_cells_to_pblock [get_pblocks  {CLKAG_U1_SCPU/clk_IBUF_BUFG}] [get_cells -filter { PRIMITIVE_GROUP != I/O && IS_PRIMITIVE==1 && PRIMITIVE_LEVEL !=INTERNAL } -of_object [get_pins -filter {DIRECTION==IN} -of_objects [get_nets -hierarchical -filter {PARENT=="U1_SCPU/clk_IBUF_BUFG"}]]]
resize_pblock [get_pblocks {CLKAG_U1_SCPU/clk_IBUF_BUFG}] -add {CLOCKREGION_X0Y1:CLOCKREGION_X0Y1}
#endgroup

# Clock net "Clk_CPU_N_BUFG" driven by instance "Clk_CPU_N_BUFG_inst" located at site "BUFGCTRL_X0Y1"
#startgroup
create_pblock {CLKAG_Clk_CPU_N_BUFG}
add_cells_to_pblock [get_pblocks  {CLKAG_Clk_CPU_N_BUFG}] [get_cells -filter { PRIMITIVE_GROUP != I/O && IS_PRIMITIVE==1 && PRIMITIVE_LEVEL !=INTERNAL && NAME!=U7_SPIO/clk_IBUF_BUFG_inst && NAME!=U1_SCPU/clk_IBUF_BUFG_inst} -of_object [get_pins -filter {DIRECTION==IN} -of_objects [get_nets -hierarchical -filter {PARENT=="Clk_CPU_N_BUFG"}]]]
resize_pblock [get_pblocks {CLKAG_Clk_CPU_N_BUFG}] -add {CLOCKREGION_X0Y1:CLOCKREGION_X0Y1}
#endgroup
